<?xml version="1.0" encoding="UTF-8"?>
<!-- Generated by org.testng.reporters.JUnitXMLReporter -->
<testsuite ignored="1" hostname="DESKTOP-D1ULCAD" failures="0" tests="1" name="Default test" time="5.425" errors="0" timestamp="2023-11-20T23:02:39 IST">
  <testcase classname="com.web.selenium.PrivacySettings" name="clickOptIn" time="3.478"/>
  <testcase classname="com.web.selenium.PrivacySettings" name="clickOptOut" time="0.0">
    <ignored/>
  </testcase> <!-- clickOptOut -->
</testsuite> <!-- Default test -->
