<?xml version="1.0" encoding="UTF-8"?>
<testng-results ignored="0" total="1" passed="1" failed="0" skipped="0">
  <reporter-output>
  </reporter-output>
  <suite started-at="2023-11-18T13:31:26 IST" name="Default suite" finished-at="2023-11-18T13:31:44 IST" duration-ms="17980">
    <groups>
    </groups>
    <test started-at="2023-11-18T13:31:26 IST" name="Default test" finished-at="2023-11-18T13:31:44 IST" duration-ms="17980">
      <class name="com.web.selenium.PrivacySettings">
        <test-method is-config="true" signature="init()[pri:0, instance:com.web.selenium.PrivacySettings@53fe15ff]" started-at="2023-11-18T13:31:26 IST" name="init" finished-at="2023-11-18T13:31:28 IST" duration-ms="1533" status="PASS">
          <reporter-output>
          </reporter-output>
        </test-method> <!-- init -->
        <test-method signature="clickOptIn()[pri:0, instance:com.web.selenium.PrivacySettings@53fe15ff]" started-at="2023-11-18T13:31:28 IST" name="clickOptIn" finished-at="2023-11-18T13:31:44 IST" duration-ms="16290" status="PASS">
          <reporter-output>
          </reporter-output>
        </test-method> <!-- clickOptIn -->
        <test-method is-config="true" signature="shutDown()[pri:0, instance:com.web.selenium.PrivacySettings@53fe15ff]" started-at="2023-11-18T13:31:44 IST" name="shutDown" finished-at="2023-11-18T13:31:44 IST" duration-ms="128" status="PASS">
          <reporter-output>
          </reporter-output>
        </test-method> <!-- shutDown -->
      </class> <!-- com.web.selenium.PrivacySettings -->
    </test> <!-- Default test -->
  </suite> <!-- Default suite -->
</testng-results>
